<?xml version="1.0" encoding="UTF-8"?>
<!-- Generated by org.testng.reporters.JUnitReportReporter -->
<testsuite hostname="DESKTOP-A1KMC22" failures="0" tests="1" name="com.inetbanking.TestCases.TC_LoginTest_001" time="8.526" errors="0" timestamp="2023-01-09T19:21:55 EET" skipped="0">
  <testcase classname="com.inetbanking.TestCases.TC_LoginTest_001" name="LoginTest" time="8.526"/>
  <system-out/>
</testsuite> <!-- com.inetbanking.TestCases.TC_LoginTest_001 -->
